[INFO  ] 22-09-29 08:57:26.893 (StartupInfoLogger.java:55).logStarting - Starting SpringComunAplicacionBoot using Java 15.0.1 on RSNT-LPT-50 with PID 4208 (D:\CAPACITACION\royal-framework-comun-api\target\classes started by PillacaC in D:\CAPACITACION\royal-framework-comun-api)
[DEBUG ] 22-09-29 08:57:26.918 (StartupInfoLogger.java:56).logStarting - Running with Spring Boot v2.4.0, Spring v5.3.1
[INFO  ] 22-09-29 08:57:26.920 (SpringApplication.java:660).logStartupProfileInfo - No active profile set, falling back to default profiles: default
[INFO  ] 22-09-29 08:57:34.836 (RepositoryConfigurationDelegate.java:128).registerRepositoriesIn - Bootstrapping Spring Data JPA repositories in DEFERRED mode.
[INFO  ] 22-09-29 08:57:34.885 (RepositoryConfigurationDelegate.java:188).registerRepositoriesIn - Finished Spring Data repository scanning in 34 ms. Found 0 JPA repository interfaces.
[INFO  ] 22-09-29 08:57:36.497 (TomcatWebServer.java:108).initialize - Tomcat initialized with port(s): 8081 (http)
[INFO  ] 22-09-29 08:57:36.520 (DirectJDKLog.java:173).log - Initializing ProtocolHandler ["http-nio-8081"]
[INFO  ] 22-09-29 08:57:36.522 (DirectJDKLog.java:173).log - Starting service [Tomcat]
[INFO  ] 22-09-29 08:57:36.522 (DirectJDKLog.java:173).log - Starting Servlet engine: [Apache Tomcat/9.0.39]
[INFO  ] 22-09-29 08:57:37.316 (DirectJDKLog.java:173).log - Initializing Spring embedded WebApplicationContext
[INFO  ] 22-09-29 08:57:37.317 (ServletWebServerApplicationContext.java:289).prepareWebApplicationContext - Root WebApplicationContext: initialization completed in 10321 ms
[DEBUG ] 22-09-29 08:57:37.642 (SpringComunHibernateConfiguration.java:41).getSessionFactory - getSessionFactory
[DEBUG ] 22-09-29 08:57:37.644 (SpringComunHibernateConfiguration.java:51).getSessionFactory - D:\CAPACITACION\conf
[DEBUG ] 22-09-29 08:57:37.646 (SpringComunHibernateConfiguration.java:52).getSessionFactory - {servicio.spring.workflow.transaccion.iniciar=http://localhost:8082/spring/workflow/wftransaccion/registrarExterno, seguridad.canalcomunicacion=N, port.framework.comun=8081, proxy.framework.comun=http://localhost:8081/, proxy.nombre=10.0.0.132, captcha.key=6LdWclEdAAAAAPxW2U0aH2ic1WpSbIw4yYQJjYzD, proxy.framework.workflow=http://localhost:8082/, captcha.validar=N, server.basedatos.pordefecto=royal_bd, ruta.imagen.logoexportar=D:\cursojava\CAPACITACION\temporal\logo.png, proxy.erp.convocatoria=http://localhost:8095/, server.nombre=localhost, log4j2.framework.comun=royal_log4j2.framework.comun.xml, log4j2.pruebas=royal_log4j2.pruebas.xml, proxy.erp.sg=http://localhost:8092/, port.pruebas=8082, proxy.puerto=8080, proxy.erp.postulante=http://localhost:8094/, workflow.anulartransacciondesdesolicitud=http://localhost:8082/spring/workflow/wftransaccion/anularTransaccionDesdeSolicitud, servicio.spring.comun.reporte.ejecutar=http://localhost:8081/spring/sistema/syreportemotor/ejecutar, log4j2.framework.seguridad=royal_log4j2.framework.seguridad.xml, proxy.erp.hr=http://localhost:8093/, proxy.framework.seguridad=http://localhost:8080/, token.minutos=900, proxy.usar=N, parametro.obtener=http://localhost:8081/spring/core/parametrosmastcomun/parametroobtener, seguridad.usuarioseguro=hoouseOfCard2021, servicio.spring.comun.error.registrar=http://localhost:8081/spring/core/errorcomun/registrar, port.framework.seguridad=8080, token.key=4L3j4nDr0, ruta.fisica.temporal=D:\cursojava\CAPACITACION\temporal, token.servicio.validar=http://localhost:8080/autorizacion/seguridad/login/validartoken, proxy.erp.autoservicios=http://localhost:8091/}
[DEBUG ] 22-09-29 08:57:38.837 (HibernateCore.java:126).crearHibernateProperties - {hibernate.c3p0.timeout=180, hibernate.c3p0.max_size=100, hibernate.c3p0.max_statements=100, hibernate.c3p0.idle_test_period=300, hibernate.dialect=org.hibernate.dialect.SQLServer2008Dialect, hibernate.c3p0.initialPoolSize=10, hibernate.show_sql=false, hibernate.c3p0.min_size=10, hibernate.c3p0.acquire_increment=5}
[INFO  ] 22-09-29 08:57:51.455 (ExecutorConfigurationSupport.java:181).initialize - Initializing ExecutorService 'applicationTaskExecutor'
[WARN  ] 22-09-29 08:57:52.285 (FreeMarkerAutoConfiguration.java:65).checkTemplateLocationExists - Cannot find template location(s): [classpath:/templates/] (please add some templates, check your FreeMarker configuration, or set spring.freemarker.checkTemplateLocation=false)
[INFO  ] 22-09-29 08:57:52.458 (DirectJDKLog.java:173).log - Starting ProtocolHandler ["http-nio-8081"]
[INFO  ] 22-09-29 08:57:52.589 (TomcatWebServer.java:220).start - Tomcat started on port(s): 8081 (http) with context path ''
[INFO  ] 22-09-29 08:57:52.591 (DeferredRepositoryInitializationListener.java:51).onApplicationEvent - Triggering deferred initialization of Spring Data repositories…
[INFO  ] 22-09-29 08:57:52.594 (DeferredRepositoryInitializationListener.java:55).onApplicationEvent - Spring Data repositories initialized!
[INFO  ] 22-09-29 08:57:56.163 (StartupInfoLogger.java:61).logStarted - Started SpringComunAplicacionBoot in 29.689 seconds (JVM running for 31.437)
[DEBUG ] 22-09-29 08:57:56.170 (SpringComunAplicacionBoot.java:74).main - SPRING FRAMEWORK COMUN API : INICIADO
[INFO  ] 23-09-22 20:40:02.660 (StartupInfoLogger.java:55).logStarting - Starting SpringComunAplicacionBoot using Java 15.0.2 on PC-CRYSTAL with PID 19380 (E:\BlinkEye\royal-framework-comun-api\target\classes started by USUARIO in E:\BlinkEye\royal-framework-comun-api)
[DEBUG ] 23-09-22 20:40:02.683 (StartupInfoLogger.java:56).logStarting - Running with Spring Boot v2.4.0, Spring v5.3.1
[INFO  ] 23-09-22 20:40:02.687 (SpringApplication.java:660).logStartupProfileInfo - No active profile set, falling back to default profiles: default
[INFO  ] 23-09-22 20:40:04.483 (RepositoryConfigurationDelegate.java:128).registerRepositoriesIn - Bootstrapping Spring Data JPA repositories in DEFERRED mode.
[INFO  ] 23-09-22 20:40:04.505 (RepositoryConfigurationDelegate.java:188).registerRepositoriesIn - Finished Spring Data repository scanning in 12 ms. Found 0 JPA repository interfaces.
[INFO  ] 23-09-22 20:40:05.360 (TomcatWebServer.java:108).initialize - Tomcat initialized with port(s): 8081 (http)
[INFO  ] 23-09-22 20:40:05.373 (DirectJDKLog.java:173).log - Initializing ProtocolHandler ["http-nio-8081"]
[INFO  ] 23-09-22 20:40:05.374 (DirectJDKLog.java:173).log - Starting service [Tomcat]
[INFO  ] 23-09-22 20:40:05.375 (DirectJDKLog.java:173).log - Starting Servlet engine: [Apache Tomcat/9.0.39]
[INFO  ] 23-09-22 20:40:05.595 (DirectJDKLog.java:173).log - Initializing Spring embedded WebApplicationContext
[INFO  ] 23-09-22 20:40:05.596 (ServletWebServerApplicationContext.java:289).prepareWebApplicationContext - Root WebApplicationContext: initialization completed in 2806 ms
[DEBUG ] 23-09-22 20:40:05.833 (SpringComunHibernateConfiguration.java:41).getSessionFactory - getSessionFactory
[DEBUG ] 23-09-22 20:40:05.835 (SpringComunHibernateConfiguration.java:51).getSessionFactory - E:\BlinkEye\conf
[DEBUG ] 23-09-22 20:40:05.835 (SpringComunHibernateConfiguration.java:52).getSessionFactory - {seguridad.canalcomunicacion=N, port.framework.comun=8081, proxy.framework.comun=http://localhost:8081/, proxy.nombre=10.0.0.132, captcha.key=6LdWclEdAAAAAPxW2U0aH2ic1WpSbIw4yYQJjYzD, captcha.validar=N, server.basedatos.pordefecto=royal_bd, ruta.imagen.logoexportar=E:\BlinkEye\royal_recursos\gth\usuarios\logo.jpg, server.nombre=localhost, log4j2.framework.comun=royal_log4j2.framework.comun.xml, log4j2.pruebas=royal_log4j2.pruebas.xml, port.pruebas=8083, proxy.puerto=8080, workflow.anulartransacciondesdesolicitud=http://localhost:8082/spring/workflow/wftransaccion/anularTransaccionDesdeSolicitud, servicio.spring.comun.reporte.ejecutar=http://localhost:8081/spring/sistema/syreportemotor/ejecutar, log4j2.framework.seguridad=royal_log4j2.framework.seguridad.xml, proxy.framework.seguridad=http://localhost:8080/, token.minutos=900, proxy.usar=N, parametro.obtener=http://localhost:8081/spring/core/parametrosmastcomun/parametroobtener, seguridad.usuarioseguro=hoouseOfCard2021, servicio.spring.comun.error.registrar=http://localhost:8081/spring/core/errorcomun/registrar, port.framework.seguridad=8080, token.key=4L3j4nDr0, ruta.fisica.temporal=E:\BlinkEye\royal_recursos\gth\usuarios\, token.servicio.validar=http://localhost:8080/autorizacion/seguridad/login/validartoken}
[DEBUG ] 23-09-22 20:40:06.211 (HibernateCore.java:126).crearHibernateProperties - {hibernate.c3p0.timeout=180, hibernate.c3p0.max_size=100, hibernate.c3p0.max_statements=100, hibernate.c3p0.idle_test_period=300, hibernate.dialect=org.hibernate.dialect.SQLServer2008Dialect, hibernate.c3p0.initialPoolSize=10, hibernate.show_sql=true, hibernate.c3p0.min_size=10, hibernate.c3p0.acquire_increment=5}
[INFO  ] 23-09-22 20:40:14.866 (ExecutorConfigurationSupport.java:181).initialize - Initializing ExecutorService 'applicationTaskExecutor'
[WARN  ] 23-09-22 20:40:15.604 (FreeMarkerAutoConfiguration.java:65).checkTemplateLocationExists - Cannot find template location(s): [classpath:/templates/] (please add some templates, check your FreeMarker configuration, or set spring.freemarker.checkTemplateLocation=false)
[INFO  ] 23-09-22 20:40:15.711 (DirectJDKLog.java:173).log - Starting ProtocolHandler ["http-nio-8081"]
[INFO  ] 23-09-22 20:40:15.752 (TomcatWebServer.java:220).start - Tomcat started on port(s): 8081 (http) with context path ''
[INFO  ] 23-09-22 20:40:15.754 (DeferredRepositoryInitializationListener.java:51).onApplicationEvent - Triggering deferred initialization of Spring Data repositories…
[INFO  ] 23-09-22 20:40:15.755 (DeferredRepositoryInitializationListener.java:55).onApplicationEvent - Spring Data repositories initialized!
[INFO  ] 23-09-22 20:40:18.017 (StartupInfoLogger.java:61).logStarted - Started SpringComunAplicacionBoot in 15.851 seconds (JVM running for 17.294)
[DEBUG ] 23-09-22 20:40:18.022 (SpringComunAplicacionBoot.java:74).main - SPRING FRAMEWORK COMUN API : INICIADO
[INFO  ] 23-09-22 20:47:41.205 (StartupInfoLogger.java:55).logStarting - Starting SpringComunAplicacionBoot using Java 15.0.2 on PC-CRYSTAL with PID 12552 (E:\BlinkEye\royal-framework-comun-api\target\classes started by USUARIO in E:\BlinkEye\royal-framework-comun-api)
[DEBUG ] 23-09-22 20:47:41.257 (StartupInfoLogger.java:56).logStarting - Running with Spring Boot v2.4.0, Spring v5.3.1
[INFO  ] 23-09-22 20:47:41.260 (SpringApplication.java:660).logStartupProfileInfo - No active profile set, falling back to default profiles: default
[INFO  ] 23-09-22 20:47:45.472 (RepositoryConfigurationDelegate.java:128).registerRepositoriesIn - Bootstrapping Spring Data JPA repositories in DEFERRED mode.
[INFO  ] 23-09-22 20:47:45.525 (RepositoryConfigurationDelegate.java:188).registerRepositoriesIn - Finished Spring Data repository scanning in 30 ms. Found 0 JPA repository interfaces.
[INFO  ] 23-09-22 20:47:48.036 (TomcatWebServer.java:108).initialize - Tomcat initialized with port(s): 8081 (http)
[INFO  ] 23-09-22 20:47:48.129 (DirectJDKLog.java:173).log - Initializing ProtocolHandler ["http-nio-8081"]
[INFO  ] 23-09-22 20:47:48.131 (DirectJDKLog.java:173).log - Starting service [Tomcat]
[INFO  ] 23-09-22 20:47:48.132 (DirectJDKLog.java:173).log - Starting Servlet engine: [Apache Tomcat/9.0.39]
[INFO  ] 23-09-22 20:47:49.190 (DirectJDKLog.java:173).log - Initializing Spring embedded WebApplicationContext
[INFO  ] 23-09-22 20:47:49.191 (ServletWebServerApplicationContext.java:289).prepareWebApplicationContext - Root WebApplicationContext: initialization completed in 7800 ms
[DEBUG ] 23-09-22 20:47:50.653 (SpringComunHibernateConfiguration.java:41).getSessionFactory - getSessionFactory
[DEBUG ] 23-09-22 20:47:50.656 (SpringComunHibernateConfiguration.java:51).getSessionFactory - E:\BlinkEye\conf
[DEBUG ] 23-09-22 20:47:50.656 (SpringComunHibernateConfiguration.java:52).getSessionFactory - {servicio.spring.workflow.transaccion.iniciar=http://localhost:8082/spring/workflow/wftransaccion/registrarExterno, seguridad.canalcomunicacion=N, port.framework.comun=8081, proxy.framework.comun=http://localhost:8081/, proxy.nombre=10.0.0.132, captcha.key=6LdWclEdAAAAAPxW2U0aH2ic1WpSbIw4yYQJjYzD, proxy.framework.workflow=http://localhost:8082/, captcha.validar=N, server.basedatos.pordefecto=royal_bd, ruta.imagen.logoexportar=D:\cursojava\CAPACITACION\temporal\logo.png, proxy.erp.convocatoria=http://localhost:8095/, server.nombre=localhost, log4j2.framework.comun=royal_log4j2.framework.comun.xml, log4j2.pruebas=royal_log4j2.pruebas.xml, proxy.erp.sg=http://localhost:8092/, port.pruebas=8082, proxy.puerto=8080, proxy.erp.postulante=http://localhost:8094/, workflow.anulartransacciondesdesolicitud=http://localhost:8082/spring/workflow/wftransaccion/anularTransaccionDesdeSolicitud, servicio.spring.comun.reporte.ejecutar=http://localhost:8081/spring/sistema/syreportemotor/ejecutar, log4j2.framework.seguridad=royal_log4j2.framework.seguridad.xml, proxy.erp.hr=http://localhost:8093/, proxy.framework.seguridad=http://localhost:8080/, token.minutos=900, proxy.usar=N, parametro.obtener=http://localhost:8081/spring/core/parametrosmastcomun/parametroobtener, seguridad.usuarioseguro=hoouseOfCard2021, servicio.spring.comun.error.registrar=http://localhost:8081/spring/core/errorcomun/registrar, port.framework.seguridad=8080, token.key=4L3j4nDr0, ruta.fisica.temporal=D:\cursojava\CAPACITACION\temporal, token.servicio.validar=http://localhost:8080/autorizacion/seguridad/login/validartoken, proxy.erp.autoservicios=http://localhost:8091/}
[DEBUG ] 23-09-22 20:47:51.508 (HibernateCore.java:126).crearHibernateProperties - {hibernate.c3p0.timeout=180, hibernate.c3p0.max_size=100, hibernate.c3p0.max_statements=100, hibernate.c3p0.idle_test_period=300, hibernate.dialect=org.hibernate.dialect.SQLServer2008Dialect, hibernate.c3p0.initialPoolSize=10, hibernate.show_sql=false, hibernate.c3p0.min_size=10, hibernate.c3p0.acquire_increment=5}
[INFO  ] 23-09-22 20:48:01.781 (ExecutorConfigurationSupport.java:181).initialize - Initializing ExecutorService 'applicationTaskExecutor'
[WARN  ] 23-09-22 20:48:02.465 (FreeMarkerAutoConfiguration.java:65).checkTemplateLocationExists - Cannot find template location(s): [classpath:/templates/] (please add some templates, check your FreeMarker configuration, or set spring.freemarker.checkTemplateLocation=false)
[INFO  ] 23-09-22 20:48:02.560 (DirectJDKLog.java:173).log - Starting ProtocolHandler ["http-nio-8081"]
[INFO  ] 23-09-22 20:48:02.597 (TomcatWebServer.java:220).start - Tomcat started on port(s): 8081 (http) with context path ''
[INFO  ] 23-09-22 20:48:02.600 (DeferredRepositoryInitializationListener.java:51).onApplicationEvent - Triggering deferred initialization of Spring Data repositories…
[INFO  ] 23-09-22 20:48:02.601 (DeferredRepositoryInitializationListener.java:55).onApplicationEvent - Spring Data repositories initialized!
[INFO  ] 23-09-22 20:48:04.453 (StartupInfoLogger.java:61).logStarted - Started SpringComunAplicacionBoot in 24.894 seconds (JVM running for 28.211)
[DEBUG ] 23-09-22 20:48:04.458 (SpringComunAplicacionBoot.java:74).main - SPRING FRAMEWORK COMUN API : INICIADO
[INFO  ] 23-09-22 21:37:09.960 (StartupInfoLogger.java:55).logStarting - Starting SpringComunAplicacionBoot using Java 15.0.2 on PC-CRYSTAL with PID 4784 (E:\BlinkEye\royal-framework-comun-api\target\classes started by USUARIO in E:\BlinkEye\royal-framework-comun-api)
[DEBUG ] 23-09-22 21:37:09.978 (StartupInfoLogger.java:56).logStarting - Running with Spring Boot v2.4.0, Spring v5.3.1
[INFO  ] 23-09-22 21:37:09.980 (SpringApplication.java:660).logStartupProfileInfo - No active profile set, falling back to default profiles: default
[INFO  ] 23-09-22 21:37:14.194 (RepositoryConfigurationDelegate.java:128).registerRepositoriesIn - Bootstrapping Spring Data JPA repositories in DEFERRED mode.
[INFO  ] 23-09-22 21:37:14.243 (RepositoryConfigurationDelegate.java:188).registerRepositoriesIn - Finished Spring Data repository scanning in 23 ms. Found 0 JPA repository interfaces.
[INFO  ] 23-09-22 21:37:16.591 (TomcatWebServer.java:108).initialize - Tomcat initialized with port(s): 8081 (http)
[INFO  ] 23-09-22 21:37:16.629 (DirectJDKLog.java:173).log - Initializing ProtocolHandler ["http-nio-8081"]
[INFO  ] 23-09-22 21:37:16.630 (DirectJDKLog.java:173).log - Starting service [Tomcat]
[INFO  ] 23-09-22 21:37:16.632 (DirectJDKLog.java:173).log - Starting Servlet engine: [Apache Tomcat/9.0.39]
[INFO  ] 23-09-22 21:37:17.249 (DirectJDKLog.java:173).log - Initializing Spring embedded WebApplicationContext
[INFO  ] 23-09-22 21:37:17.253 (ServletWebServerApplicationContext.java:289).prepareWebApplicationContext - Root WebApplicationContext: initialization completed in 7180 ms
[DEBUG ] 23-09-22 21:37:17.925 (SpringComunHibernateConfiguration.java:41).getSessionFactory - getSessionFactory
[DEBUG ] 23-09-22 21:37:17.927 (SpringComunHibernateConfiguration.java:51).getSessionFactory - E:\BlinkEye\conf
[DEBUG ] 23-09-22 21:37:17.928 (SpringComunHibernateConfiguration.java:52).getSessionFactory - {servicio.spring.workflow.transaccion.iniciar=http://localhost:8082/spring/workflow/wftransaccion/registrarExterno, seguridad.canalcomunicacion=N, port.framework.comun=8081, proxy.framework.comun=http://localhost:8081/, proxy.nombre=10.0.0.132, captcha.key=6LdWclEdAAAAAPxW2U0aH2ic1WpSbIw4yYQJjYzD, proxy.framework.workflow=http://localhost:8082/, captcha.validar=N, server.basedatos.pordefecto=royal_bd, ruta.imagen.logoexportar=D:\cursojava\CAPACITACION\temporal\logo.png, proxy.erp.convocatoria=http://localhost:8095/, server.nombre=localhost, log4j2.framework.comun=royal_log4j2.framework.comun.xml, log4j2.pruebas=royal_log4j2.pruebas.xml, proxy.erp.sg=http://localhost:8092/, port.pruebas=8082, proxy.puerto=8080, proxy.erp.postulante=http://localhost:8094/, workflow.anulartransacciondesdesolicitud=http://localhost:8082/spring/workflow/wftransaccion/anularTransaccionDesdeSolicitud, servicio.spring.comun.reporte.ejecutar=http://localhost:8081/spring/sistema/syreportemotor/ejecutar, log4j2.framework.seguridad=royal_log4j2.framework.seguridad.xml, proxy.erp.hr=http://localhost:8093/, proxy.framework.seguridad=http://localhost:8080/, token.minutos=900, proxy.usar=N, parametro.obtener=http://localhost:8081/spring/core/parametrosmastcomun/parametroobtener, seguridad.usuarioseguro=hoouseOfCard2021, servicio.spring.comun.error.registrar=http://localhost:8081/spring/core/errorcomun/registrar, port.framework.seguridad=8080, token.key=4L3j4nDr0, ruta.fisica.temporal=D:\cursojava\CAPACITACION\temporal, token.servicio.validar=http://localhost:8080/autorizacion/seguridad/login/validartoken, proxy.erp.autoservicios=http://localhost:8091/}
[DEBUG ] 23-09-22 21:37:19.275 (HibernateCore.java:126).crearHibernateProperties - {hibernate.c3p0.timeout=180, hibernate.c3p0.max_size=100, hibernate.c3p0.max_statements=100, hibernate.c3p0.idle_test_period=300, hibernate.dialect=org.hibernate.dialect.SQLServer2008Dialect, hibernate.c3p0.initialPoolSize=10, hibernate.show_sql=false, hibernate.c3p0.min_size=10, hibernate.c3p0.acquire_increment=5}
[INFO  ] 23-09-22 21:37:37.769 (ExecutorConfigurationSupport.java:181).initialize - Initializing ExecutorService 'applicationTaskExecutor'
[WARN  ] 23-09-22 21:37:38.423 (FreeMarkerAutoConfiguration.java:65).checkTemplateLocationExists - Cannot find template location(s): [classpath:/templates/] (please add some templates, check your FreeMarker configuration, or set spring.freemarker.checkTemplateLocation=false)
[INFO  ] 23-09-22 21:37:38.514 (DirectJDKLog.java:173).log - Starting ProtocolHandler ["http-nio-8081"]
[INFO  ] 23-09-22 21:37:38.549 (TomcatWebServer.java:220).start - Tomcat started on port(s): 8081 (http) with context path ''
[INFO  ] 23-09-22 21:37:38.551 (DeferredRepositoryInitializationListener.java:51).onApplicationEvent - Triggering deferred initialization of Spring Data repositories…
[INFO  ] 23-09-22 21:37:38.552 (DeferredRepositoryInitializationListener.java:55).onApplicationEvent - Spring Data repositories initialized!
[INFO  ] 23-09-22 21:37:40.607 (StartupInfoLogger.java:61).logStarted - Started SpringComunAplicacionBoot in 31.444 seconds (JVM running for 32.884)
[DEBUG ] 23-09-22 21:37:40.610 (SpringComunAplicacionBoot.java:74).main - SPRING FRAMEWORK COMUN API : INICIADO
