[INFO  ] 22-07-13 21:58:11.921 (StartupInfoLogger.java:55).logStarting - Starting SpringComunAplicacionBoot using Java 15.0.1 on RSNT-LPT-36 with PID 46484 (D:\ArchivosJose\Curso_JAVA\2022\CAPACITACION\royal-framework-comun-api\target\classes started by Torresj in D:\ArchivosJose\Curso_JAVA\2022\CAPACITACION\royal-framework-comun-api)
[DEBUG ] 22-07-13 21:58:11.929 (StartupInfoLogger.java:56).logStarting - Running with Spring Boot v2.4.0, Spring v5.3.1
[INFO  ] 22-07-13 21:58:11.930 (SpringApplication.java:660).logStartupProfileInfo - No active profile set, falling back to default profiles: default
[INFO  ] 22-07-13 21:58:14.427 (RepositoryConfigurationDelegate.java:128).registerRepositoriesIn - Bootstrapping Spring Data JPA repositories in DEFERRED mode.
[INFO  ] 22-07-13 21:58:14.443 (RepositoryConfigurationDelegate.java:188).registerRepositoriesIn - Finished Spring Data repository scanning in 6 ms. Found 0 JPA repository interfaces.
[INFO  ] 22-07-13 21:58:14.914 (TomcatWebServer.java:108).initialize - Tomcat initialized with port(s): 8081 (http)
[INFO  ] 22-07-13 21:58:14.920 (DirectJDKLog.java:173).log - Initializing ProtocolHandler ["http-nio-8081"]
[INFO  ] 22-07-13 21:58:14.920 (DirectJDKLog.java:173).log - Starting service [Tomcat]
[INFO  ] 22-07-13 21:58:14.920 (DirectJDKLog.java:173).log - Starting Servlet engine: [Apache Tomcat/9.0.39]
[INFO  ] 22-07-13 21:58:15.139 (DirectJDKLog.java:173).log - Initializing Spring embedded WebApplicationContext
[INFO  ] 22-07-13 21:58:15.139 (ServletWebServerApplicationContext.java:289).prepareWebApplicationContext - Root WebApplicationContext: initialization completed in 3174 ms
[DEBUG ] 22-07-13 21:58:15.261 (SpringComunHibernateConfiguration.java:41).getSessionFactory - getSessionFactory
[DEBUG ] 22-07-13 21:58:15.262 (SpringComunHibernateConfiguration.java:51).getSessionFactory - D:\ArchivosJose\Curso_JAVA\2022\CAPACITACION\conf
[DEBUG ] 22-07-13 21:58:15.263 (SpringComunHibernateConfiguration.java:52).getSessionFactory - {servicio.spring.workflow.transaccion.iniciar=http://localhost:8082/spring/workflow/wftransaccion/registrarExterno, seguridad.canalcomunicacion=N, port.framework.comun=8081, proxy.framework.comun=http://localhost:8081/, proxy.nombre=10.0.0.132, captcha.key=6LdWclEdAAAAAPxW2U0aH2ic1WpSbIw4yYQJjYzD, proxy.framework.workflow=http://localhost:8082/, captcha.validar=N, server.basedatos.pordefecto=royal_bd, ruta.imagen.logoexportar=D:\cursojava\CAPACITACION\temporal\logo.png, proxy.erp.convocatoria=http://localhost:8095/, server.nombre=localhost, log4j2.framework.comun=royal_log4j2.framework.comun.xml, log4j2.pruebas=royal_log4j2.pruebas.xml, proxy.erp.sg=http://localhost:8092/, port.pruebas=8082, proxy.puerto=8080, proxy.erp.postulante=http://localhost:8094/, workflow.anulartransacciondesdesolicitud=http://localhost:8082/spring/workflow/wftransaccion/anularTransaccionDesdeSolicitud, servicio.spring.comun.reporte.ejecutar=http://localhost:8081/spring/sistema/syreportemotor/ejecutar, log4j2.framework.seguridad=royal_log4j2.framework.seguridad.xml, proxy.erp.hr=http://localhost:8093/, proxy.framework.seguridad=http://localhost:8080/, token.minutos=900, proxy.usar=N, parametro.obtener=http://localhost:8081/spring/core/parametrosmastcomun/parametroobtener, seguridad.usuarioseguro=hoouseOfCard2021, servicio.spring.comun.error.registrar=http://localhost:8081/spring/core/errorcomun/registrar, port.framework.seguridad=8080, token.key=4L3j4nDr0, ruta.fisica.temporal=D:\cursojava\CAPACITACION\temporal, token.servicio.validar=http://localhost:8080/autorizacion/seguridad/login/validartoken, proxy.erp.autoservicios=http://localhost:8091/}
[DEBUG ] 22-07-13 21:58:15.659 (HibernateCore.java:126).crearHibernateProperties - {hibernate.c3p0.timeout=180, hibernate.c3p0.max_size=100, hibernate.c3p0.max_statements=100, hibernate.c3p0.idle_test_period=300, hibernate.dialect=org.hibernate.dialect.SQLServer2008Dialect, hibernate.c3p0.initialPoolSize=10, hibernate.show_sql=false, hibernate.c3p0.min_size=10, hibernate.c3p0.acquire_increment=5}
[INFO  ] 22-07-13 21:58:22.182 (ExecutorConfigurationSupport.java:181).initialize - Initializing ExecutorService 'applicationTaskExecutor'
[WARN  ] 22-07-13 21:58:22.520 (FreeMarkerAutoConfiguration.java:65).checkTemplateLocationExists - Cannot find template location(s): [classpath:/templates/] (please add some templates, check your FreeMarker configuration, or set spring.freemarker.checkTemplateLocation=false)
[INFO  ] 22-07-13 21:58:22.603 (DirectJDKLog.java:173).log - Starting ProtocolHandler ["http-nio-8081"]
[INFO  ] 22-07-13 21:58:22.619 (TomcatWebServer.java:220).start - Tomcat started on port(s): 8081 (http) with context path ''
[INFO  ] 22-07-13 21:58:22.620 (DeferredRepositoryInitializationListener.java:51).onApplicationEvent - Triggering deferred initialization of Spring Data repositories…
[INFO  ] 22-07-13 21:58:22.622 (DeferredRepositoryInitializationListener.java:55).onApplicationEvent - Spring Data repositories initialized!
[INFO  ] 22-07-13 21:58:23.840 (StartupInfoLogger.java:61).logStarted - Started SpringComunAplicacionBoot in 12.224 seconds (JVM running for 13.044)
[DEBUG ] 22-07-13 21:58:23.844 (SpringComunAplicacionBoot.java:74).main - SPRING FRAMEWORK COMUN API : INICIADO
[INFO  ] 22-07-13 22:06:32.125 (SpringApplicationAdminMXBeanRegistrar.java:159).shutdown - Application shutdown requested.
[INFO  ] 22-07-13 22:06:32.206 (ExecutorConfigurationSupport.java:218).shutdown - Shutting down ExecutorService 'applicationTaskExecutor'
